2025/12/15 13:40:34 2025-12-15 13:40:34.001679651 +0100 CET m=+0.004761739 / Client / Conncted to the server : 127.0.0.1:54282
2025/12/15 13:40:40 2025-12-15 13:40:40.118764042 +0100 CET m=+6.121846211 / Client / Execute > list
2025/12/15 13:40:47 2025-12-15 13:40:47.376041982 +0100 CET m=+13.379124114 / Client / Execute > hide box.png
2025/12/15 13:40:50 2025-12-15 13:40:50.094284277 +0100 CET m=+16.097366404 / Client / Execute > list
2025/12/15 13:49:50 2025-12-15 13:49:50.684776272 +0100 CET m=+556.687858415 / Client / Execute > end
2025/12/15 13:56:59 2025-12-15 13:56:59.791960502 +0100 CET m=+0.001238472 / Client / Conncted to the server : 127.0.0.1:51480
2025/12/15 13:57:02 2025-12-15 13:57:02.018448125 +0100 CET m=+2.227726142 / Client / Execute > list
2025/12/15 13:57:10 2025-12-15 13:57:10.881769403 +0100 CET m=+11.091047412 / Client / Execute > hide box.png
2025/12/15 13:57:13 2025-12-15 13:57:13.146040692 +0100 CET m=+13.355318703 / Client / Execute > list
2025/12/15 13:58:22 2025-12-15 13:58:22.097472443 +0100 CET m=+82.306750452 / Client / Execute > end
2025/12/15 13:58:27 2025-12-15 13:58:27.065271277 +0100 CET m=+0.000822940 / Client / Conncted to the server : 127.0.0.1:60272
2025/12/15 13:58:28 2025-12-15 13:58:28.761957627 +0100 CET m=+1.697509339 / Client / Execute > list
2025/12/15 13:58:33 2025-12-15 13:58:33.873748979 +0100 CET m=+6.809300684 / Client / Execute > hide hello.txt
2025/12/15 13:58:35 2025-12-15 13:58:35.273866217 +0100 CET m=+8.209417932 / Client / Execute > list
2025/12/15 13:58:49 2025-12-15 13:58:49.777704709 +0100 CET m=+22.713256423 / Client / Execute > get hello.txt
2025/12/15 13:59:00 2025-12-15 13:59:00.889732722 +0100 CET m=+33.825284438 / Client / Execute > end
2025/12/15 14:01:58 2025-12-15 14:01:58.800246121 +0100 CET m=+0.001171666 / Client / Conncted to the server : 127.0.0.1:56654
2025/12/15 14:02:00 2025-12-15 14:02:00.528733723 +0100 CET m=+1.729659327 / Client / Execute > list
2025/12/15 14:02:05 2025-12-15 14:02:05.840634946 +0100 CET m=+7.041560541 / Client / Execute > hide box.png
2025/12/15 14:02:07 2025-12-15 14:02:07.800803272 +0100 CET m=+9.001728868 / Client / Execute > list
2025/12/15 14:02:16 2025-12-15 14:02:16.976548672 +0100 CET m=+18.177474267 / Client / Execute > reveal box.png
2025/12/15 14:03:19 2025-12-15 14:03:19.422776442 +0100 CET m=+0.000898974 / Client / Conncted to the server : 127.0.0.1:50648
2025/12/15 14:03:21 2025-12-15 14:03:21.392533928 +0100 CET m=+1.970656510 / Client / Execute > lsit
2025/12/15 14:03:22 2025-12-15 14:03:22.688487945 +0100 CET m=+3.266610527 / Client / Execute > list
2025/12/15 14:03:27 2025-12-15 14:03:27.401695323 +0100 CET m=+7.979817902 / Client / Execute > hide box.png
2025/12/15 14:03:29 2025-12-15 14:03:29.864122037 +0100 CET m=+10.442244615 / Client / Execute > list
2025/12/15 14:10:27 2025-12-15 14:10:27.819657041 +0100 CET m=+0.000877632 / Client / Conncted to the server : 127.0.0.1:40782
2025/12/15 14:10:29 2025-12-15 14:10:29.982718743 +0100 CET m=+2.163939393 / Client / Execute > list
2025/12/15 14:10:34 2025-12-15 14:10:34.182508161 +0100 CET m=+6.363728810 / Client / Execute > hide hello.txt
2025/12/15 14:11:09 2025-12-15 14:11:09.158132767 +0100 CET m=+41.339353419 / Client / Execute > list
2025/12/15 14:11:40 2025-12-15 14:11:40.470763318 +0100 CET m=+0.000806120 / Client / Conncted to the server : 127.0.0.1:45960
2025/12/15 14:11:44 2025-12-15 14:11:44.038316706 +0100 CET m=+3.568359588 / Client / Execute > list
2025/12/15 14:11:59 2025-12-15 14:11:59.877434527 +0100 CET m=+19.407477377 / Client / Execute > list
2025/12/15 14:12:16 2025-12-15 14:12:16.253628699 +0100 CET m=+35.783671551 / Client / Execute > get hello.txt
2025/12/15 14:12:57 2025-12-15 14:12:57.117507195 +0100 CET m=+0.001005604 / Client / Conncted to the server : 127.0.0.1:54820
2025/12/15 14:12:59 2025-12-15 14:12:59.414540177 +0100 CET m=+2.298038633 / Client / Execute > list
2025/12/15 14:13:09 2025-12-15 14:13:09.085221512 +0100 CET m=+11.968720018 / Client / Execute > d
2025/12/15 14:13:15 2025-12-15 14:13:15.05388795 +0100 CET m=+17.937386430 / Client / Execute > hide hello.txt
2025/12/15 14:13:20 2025-12-15 14:13:20.181392793 +0100 CET m=+23.064891244 / Client / Execute > hide hello.txt
2025/12/15 14:14:32 2025-12-15 14:14:32.106666082 +0100 CET m=+0.001203619 / Client / Conncted to the server : 127.0.0.1:59380
2025/12/15 14:14:39 2025-12-15 14:14:39.629283671 +0100 CET m=+7.523821339 / Client / Execute > hide hello.txt
2025/12/15 14:14:43 2025-12-15 14:14:43.645143399 +0100 CET m=+11.539681002 / Client / Execute > list
2025/12/15 14:14:52 2025-12-15 14:14:52.237112051 +0100 CET m=+0.001074033 / Client / Conncted to the server : 127.0.0.1:60980
2025/12/15 14:14:53 2025-12-15 14:14:53.701160711 +0100 CET m=+1.465122783 / Client / Execute > list
2025/12/15 14:15:05 2025-12-15 14:15:05.286465172 +0100 CET m=+0.001033062 / Client / Conncted to the server : 127.0.0.1:52818
2025/12/15 14:15:06 2025-12-15 14:15:06.716964132 +0100 CET m=+1.431532068 / Client / Execute > list
2025/12/15 14:15:10 2025-12-15 14:15:10.981036915 +0100 CET m=+5.695604856 / Client / Execute > hide hello.txt
2025/12/15 14:15:14 2025-12-15 14:15:14.077025679 +0100 CET m=+8.791593642 / Client / Execute > list
2025/12/15 14:16:42 2025-12-15 14:16:42.572422893 +0100 CET m=+97.286990822 / Client / Execute > reveal hello.txt
2025/12/15 14:16:55 2025-12-15 14:16:55.388585093 +0100 CET m=+110.103153034 / Client / Execute > 
2025/12/15 14:16:56 2025-12-15 14:16:56.924124002 +0100 CET m=+111.638691943 / Client / Execute > list
2025/12/15 14:19:29 2025-12-15 14:19:29.947675958 +0100 CET m=+264.662243897 / Client / Execute > reveal hello.txt
2025/12/15 14:20:08 2025-12-15 14:20:08.38751248 +0100 CET m=+303.102080419 / Client / Execute > c
2025/12/15 14:20:08 WARN Déconnexion du serveur
2025/12/15 14:20:13 2025-12-15 14:20:13.955585199 +0100 CET m=+0.000772758 / Client / Conncted to the server : 127.0.0.1:48294
2025/12/15 14:20:18 2025-12-15 14:20:18.97076411 +0100 CET m=+5.015951710 / Client / Execute > help
2025/12/15 14:20:29 2025-12-15 14:20:29.435104362 +0100 CET m=+15.480291967 / Client / Execute > list
2025/12/15 14:20:37 2025-12-15 14:20:37.931213817 +0100 CET m=+23.976401420 / Client / Execute > hide hello.txt
2025/12/15 14:20:46 2025-12-15 14:20:46.299272544 +0100 CET m=+32.344460156 / Client / Execute > list
2025/12/15 14:20:50 2025-12-15 14:20:50.315164275 +0100 CET m=+36.360351883 / Client / Execute > reveal hello.txt
2025/12/15 14:20:53 2025-12-15 14:20:53.491257678 +0100 CET m=+39.536445287 / Client / Execute > list
2025/12/15 14:21:11 2025-12-15 14:21:11.316097045 +0100 CET m=+57.361284655 / Client / Execute > hide hello.txt
2025/12/15 14:21:25 2025-12-15 14:21:25.3711271 +0100 CET m=+71.416314714 / Client / Execute > reveal hello.txt
2025/12/15 14:23:22 2025-12-15 14:23:22.24248193 +0100 CET m=+188.287669537 / Client / Execute > c
2025/12/15 14:23:22 WARN Déconnexion du serveur
2025/12/15 14:23:23 2025-12-15 14:23:23.026958298 +0100 CET m=+0.001488098 / Client / Conncted to the server : 127.0.0.1:40398
2025/12/15 14:23:29 2025-12-15 14:23:29.53812051 +0100 CET m=+6.512650363 / Client / Execute > get hello.txt
2025/12/15 14:23:40 2025-12-15 14:23:40.834261917 +0100 CET m=+17.808791769 / Client / Execute > hide hello.txt
2025/12/15 14:23:42 2025-12-15 14:23:42.962653576 +0100 CET m=+19.937183426 / Client / Execute > list
2025/12/15 14:23:57 2025-12-15 14:23:57.530125581 +0100 CET m=+34.504655429 / Client / Execute > reveal
2025/12/15 14:24:04 2025-12-15 14:24:04.858146519 +0100 CET m=+41.832676362 / Client / Execute > reveal hello.txt
2025/12/15 14:24:18 2025-12-15 14:24:18.362003903 +0100 CET m=+55.336533745 / Client / Execute > list
2025/12/15 14:24:52 2025-12-15 14:24:52.318518948 +0100 CET m=+0.000828711 / Client / Conncted to the server : 127.0.0.1:56890
2025/12/15 14:25:02 2025-12-15 14:25:02.93984927 +0100 CET m=+0.000986521 / Client / Conncted to the server : 127.0.0.1:54066
2025/12/15 14:25:08 2025-12-15 14:25:08.978254313 +0100 CET m=+6.039391627 / Client / Execute > list
2025/12/15 14:25:17 2025-12-15 14:25:17.481843737 +0100 CET m=+14.542981050 / Client / Execute > hide hello.txt
2025/12/15 14:25:18 2025-12-15 14:25:18.873919351 +0100 CET m=+15.935056665 / Client / Execute > list
2025/12/15 14:25:21 2025-12-15 14:25:21.841921897 +0100 CET m=+18.903059232 / Client / Execute > hide h
2025/12/15 14:25:28 2025-12-15 14:25:28.5455724 +0100 CET m=+25.606709703 / Client / Execute > reveal hello.txt
2025/12/15 14:25:31 2025-12-15 14:25:31.04935595 +0100 CET m=+28.110493261 / Client / Execute > list
2025/12/15 14:25:37 2025-12-15 14:25:37.217739854 +0100 CET m=+34.278877164 / Client / Execute > hide folder
2025/12/15 14:25:39 2025-12-15 14:25:39.36191221 +0100 CET m=+36.423049538 / Client / Execute > list
2025/12/15 14:25:46 2025-12-15 14:25:46.057463057 +0100 CET m=+43.118600369 / Client / Execute > reveal folder
2025/12/15 14:25:56 2025-12-15 14:25:56.321358869 +0100 CET m=+53.382496170 / Client / Execute > hide folder/../hello.txt
2025/12/15 14:25:58 2025-12-15 14:25:58.057135021 +0100 CET m=+55.118272322 / Client / Execute > ls
2025/12/15 14:26:00 2025-12-15 14:26:00.10531 +0100 CET m=+57.166447302 / Client / Execute > list
2025/12/15 14:26:12 2025-12-15 14:26:12.486835076 +0100 CET m=+69.547972326 / Client / Execute > reveal hello.txt
2025/12/15 14:31:11 2025-12-15 14:31:11.872791108 +0100 CET m=+0.000981049 / Client / Conncted to the server : 127.0.0.1:37190
2025/12/15 14:31:14 2025-12-15 14:31:14.012670779 +0100 CET m=+2.140860721 / Client / Execute > list
2025/12/15 14:31:31 2025-12-15 14:31:31.406871809 +0100 CET m=+0.000993206 / Client / Conncted to the server : 127.0.0.1:49248
2025/12/15 14:31:34 2025-12-15 14:31:34.445324405 +0100 CET m=+3.039445821 / Client / Execute > list
2025/12/15 14:31:57 2025-12-15 14:31:57.895430409 +0100 CET m=+26.489551880 / Client / Execute > reveal hello.txt
2025/12/15 14:32:00 2025-12-15 14:32:00.270940217 +0100 CET m=+28.865061681 / Client / Execute > list
2025/12/15 14:32:54 2025-12-15 14:32:54.070985907 +0100 CET m=+0.000936265 / Client / Conncted to the server : 127.0.0.1:43616
2025/12/15 14:33:02 2025-12-15 14:33:02.566401251 +0100 CET m=+8.496351649 / Client / Execute > list
2025/12/15 14:33:39 2025-12-15 14:33:39.453070576 +0100 CET m=+0.001044761 / Client / Conncted to the server : 127.0.0.1:33084
2025/12/15 14:33:44 2025-12-15 14:33:44.095215437 +0100 CET m=+0.000824791 / Client / Conncted to the server : 127.0.0.1:38888
2025/12/15 14:33:45 2025-12-15 14:33:45.798598417 +0100 CET m=+1.704207843 / Client / Execute > list
2025/12/15 14:37:34 2025-12-15 14:37:34.22871134 +0100 CET m=+0.001152765 / Client / Conncted to the server : 127.0.0.1:48568
2025/12/15 14:37:42 2025-12-15 14:37:42.756413834 +0100 CET m=+8.528855310 / Client / Execute > list
2025/12/15 14:38:04 2025-12-15 14:38:04.353790615 +0100 CET m=+30.126232040 / Client / Execute > help
2025/12/15 14:38:23 2025-12-15 14:38:23.324407961 +0100 CET m=+49.096849443 / Client / Execute > hide folder
2025/12/15 14:39:02 2025-12-15 14:39:02.036459037 +0100 CET m=+87.808900526 / Client / Execute > reveal folder
2025/12/15 14:40:04 2025-12-15 14:40:04.300043839 +0100 CET m=+150.072485349 / Client / Execute > hide folder
2025/12/15 14:40:16 2025-12-15 14:40:16.587958776 +0100 CET m=+162.360400263 / Client / Execute > reveal folder
2025/12/15 14:40:34 2025-12-15 14:40:34.192562855 +0100 CET m=+179.965004281 / Client / Execute > help
2025/12/15 14:40:41 2025-12-15 14:40:41.027657044 +0100 CET m=+186.800098529 / Client / Execute > terminate
2025/12/15 14:52:46 2025-12-15 14:52:46.030399596 +0100 CET m=+0.001101640 / Client / Conncted to the server : 127.0.0.1:56202
2025/12/15 14:52:47 2025-12-15 14:52:47.58354025 +0100 CET m=+1.554242363 / Client / Execute > list
2025/12/15 14:52:54 2025-12-15 14:52:54.863512796 +0100 CET m=+8.834214885 / Client / Execute > hide folder
2025/12/15 14:53:01 2025-12-15 14:53:01.896216308 +0100 CET m=+15.866918416 / Client / Execute > list
2025/12/15 14:53:04 2025-12-15 14:53:04.967675213 +0100 CET m=+18.938377301 / Client / Execute > list folder
2025/12/15 14:53:49 2025-12-15 14:53:49.823313147 +0100 CET m=+63.794015235 / Client / Execute > reveal folder
2025/12/15 14:53:53 2025-12-15 14:53:53.167000174 +0100 CET m=+67.137702266 / Client / Execute > list folder
2025/12/15 14:54:00 2025-12-15 14:54:00.095078202 +0100 CET m=+74.065780286 / Client / Execute > list
2025/12/15 14:54:06 2025-12-15 14:54:06.039198072 +0100 CET m=+80.009900180 / Client / Execute > hide folder
2025/12/15 14:54:08 2025-12-15 14:54:08.406596318 +0100 CET m=+82.377298403 / Client / Execute > list
2025/12/15 14:54:17 2025-12-15 14:54:17.223221381 +0100 CET m=+91.193923460 / Client / Execute > reveal folder
2025/12/15 14:54:18 2025-12-15 14:54:18.844866739 +0100 CET m=+92.815568783 / Client / Execute > list
2025/12/15 14:54:28 2025-12-15 14:54:28.430773138 +0100 CET m=+102.401475230 / Client / Execute > list folder
2025/12/15 14:57:13 2025-12-15 14:57:13.407403415 +0100 CET m=+0.001024089 / Client / Conncted to the server : 127.0.0.1:33402
2025/12/15 14:57:14 2025-12-15 14:57:14.917915589 +0100 CET m=+1.511536317 / Client / Execute > list
2025/12/15 14:57:18 2025-12-15 14:57:18.614262746 +0100 CET m=+5.207883473 / Client / Execute > hide folder
2025/12/15 14:57:19 2025-12-15 14:57:19.677929082 +0100 CET m=+6.271549811 / Client / Execute > list
2025/12/15 14:57:19 2025-12-15 14:57:19.717841538 +0100 CET m=+6.311462268 / Client / Execute > 
2025/12/15 14:57:29 2025-12-15 14:57:29.565395957 +0100 CET m=+16.159016722 / Client / Execute > list folder
2025/12/15 14:58:01 2025-12-15 14:58:01.053801961 +0100 CET m=+47.647422686 / Client / Execute > list
2025/12/15 14:58:10 2025-12-15 14:58:10.637876896 +0100 CET m=+57.231497626 / Client / Execute > reveal folder
2025/12/15 14:58:11 2025-12-15 14:58:11.837548759 +0100 CET m=+58.431169485 / Client / Execute > list
2025/12/15 14:59:15 2025-12-15 14:59:15.695521624 +0100 CET m=+0.000853256 / Client / Conncted to the server : 127.0.0.1:49096
2025/12/15 14:59:18 2025-12-15 14:59:18.836745489 +0100 CET m=+3.142077167 / Client / Execute > list
2025/12/15 14:59:24 2025-12-15 14:59:24.069128624 +0100 CET m=+8.374460361 / Client / Execute > list folder
2025/12/15 14:59:29 2025-12-15 14:59:29.101407683 +0100 CET m=+13.406739414 / Client / Execute > hide folder
2025/12/15 14:59:33 2025-12-15 14:59:33.500936177 +0100 CET m=+17.806267857 / Client / Execute > list folder
2025/12/15 15:00:36 2025-12-15 15:00:36.183439772 +0100 CET m=+0.000902366 / Client / Conncted to the server : 127.0.0.1:38708
2025/12/15 15:00:37 2025-12-15 15:00:37.876714977 +0100 CET m=+1.694177631 / Client / Execute > list
2025/12/15 15:00:41 2025-12-15 15:00:41.389010649 +0100 CET m=+5.206473304 / Client / Execute > hide hello.txt
2025/12/15 15:00:47 2025-12-15 15:00:47.884673913 +0100 CET m=+11.702136571 / Client / Execute > reveal hello.txt
2025/12/15 15:02:03 2025-12-15 15:02:03.320132219 +0100 CET m=+0.000927076 / Client / Conncted to the server : 127.0.0.1:38408
2025/12/15 15:02:10 2025-12-15 15:02:10.82318984 +0100 CET m=+0.000873492 / Client / Conncted to the server : 127.0.0.1:34760
2025/12/15 15:02:12 2025-12-15 15:02:12.380237675 +0100 CET m=+1.557921381 / Client / Execute > list
2025/12/15 15:02:15 2025-12-15 15:02:15.435917596 +0100 CET m=+4.613601300 / Client / Execute > list folder
2025/12/15 15:02:19 2025-12-15 15:02:19.164116692 +0100 CET m=+8.341800396 / Client / Execute > hide folder
2025/12/15 15:02:22 2025-12-15 15:02:22.676346843 +0100 CET m=+11.854030550 / Client / Execute > reveal folder
2025/12/15 15:03:09 2025-12-15 15:03:09.089018875 +0100 CET m=+0.001122304 / Client / Conncted to the server : 127.0.0.1:57762
2025/12/15 15:03:10 2025-12-15 15:03:10.140159655 +0100 CET m=+1.052263143 / Client / Execute > list
2025/12/15 15:04:48 2025-12-15 15:04:48.483036383 +0100 CET m=+0.001010149 / Client / Conncted to the server : 127.0.0.1:51320
2025/12/15 15:04:50 2025-12-15 15:04:50.187796271 +0100 CET m=+1.705770087 / Client / Execute > list
2025/12/15 15:06:24 2025-12-15 15:06:24.522121345 +0100 CET m=+0.001345094 / Client / Conncted to the server : 127.0.0.1:50492
2025/12/15 15:06:27 2025-12-15 15:06:27.027028377 +0100 CET m=+2.506252173 / Client / Execute > list
2025/12/15 15:06:35 2025-12-15 15:06:35.41087968 +0100 CET m=+10.890103478 / Client / Execute > hide folder
2025/12/15 15:06:37 2025-12-15 15:06:37.538919575 +0100 CET m=+13.018143371 / Client / Execute > list folder
2025/12/15 15:06:42 2025-12-15 15:06:42.754918946 +0100 CET m=+18.234142753 / Client / Execute > list
2025/12/15 15:08:48 2025-12-15 15:08:48.398161239 +0100 CET m=+0.000890677 / Client / Conncted to the server : 127.0.0.1:42634
2025/12/15 15:08:51 2025-12-15 15:08:51.722054663 +0100 CET m=+3.324784149 / Client / Execute > list
2025/12/15 15:08:56 2025-12-15 15:08:56.95456751 +0100 CET m=+8.557296998 / Client / Execute > list folder
2025/12/15 15:09:00 2025-12-15 15:09:00.46606954 +0100 CET m=+12.068799029 / Client / Execute > hide folder
2025/12/15 15:09:02 2025-12-15 15:09:02.082122541 +0100 CET m=+13.684852026 / Client / Execute > list
2025/12/15 15:09:05 2025-12-15 15:09:05.506174869 +0100 CET m=+17.108904357 / Client / Execute > list folder
2025/12/15 15:09:48 2025-12-15 15:09:48.213537216 +0100 CET m=+0.000817110 / Client / Conncted to the server : 127.0.0.1:45328
2025/12/15 15:09:49 2025-12-15 15:09:49.697929011 +0100 CET m=+1.485208965 / Client / Execute > list
2025/12/15 15:10:04 2025-12-15 15:10:04.537717611 +0100 CET m=+16.324997565 / Client / Execute > list folder
2025/12/15 15:10:16 2025-12-15 15:10:16.13122644 +0100 CET m=+27.918506394 / Client / Execute > hide folder
2025/12/15 15:10:19 2025-12-15 15:10:19.265695628 +0100 CET m=+31.052975636 / Client / Execute > list folder
2025/12/15 15:11:53 2025-12-15 15:11:53.597068985 +0100 CET m=+0.001481417 / Client / Conncted to the server : 127.0.0.1:47138
2025/12/15 15:11:57 2025-12-15 15:11:57.769190137 +0100 CET m=+4.173602643 / Client / Execute > c
2025/12/15 15:11:57 WARN Déconnexion du serveur
2025/12/15 15:11:58 2025-12-15 15:11:58.611827241 +0100 CET m=+0.000797578 / Client / Conncted to the server : 127.0.0.1:47152
2025/12/15 15:12:02 2025-12-15 15:12:02.2892169 +0100 CET m=+3.678187298 / Client / Execute > list
2025/12/15 15:12:16 2025-12-15 15:12:16.225195154 +0100 CET m=+17.614165552 / Client / Execute > hide hello.txt
2025/12/15 15:12:21 2025-12-15 15:12:21.465092019 +0100 CET m=+22.854062417 / Client / Execute > list
2025/12/15 15:12:27 2025-12-15 15:12:27.985109753 +0100 CET m=+29.374080181 / Client / Execute > reveal hello.txt
2025/12/15 15:12:29 2025-12-15 15:12:29.424966184 +0100 CET m=+30.813936578 / Client / Execute > list
2025/12/15 15:18:07 2025-12-15 15:18:07.90229252 +0100 CET m=+0.001214231 / Client / Conncted to the server : 127.0.0.1:42000
2025/12/15 15:18:09 2025-12-15 15:18:09.767236306 +0100 CET m=+1.866158061 / Client / Execute > list
2025/12/15 15:18:13 2025-12-15 15:18:13.599194713 +0100 CET m=+5.698116475 / Client / Execute > list folder
2025/12/15 15:18:16 2025-12-15 15:18:16.463064645 +0100 CET m=+8.561986405 / Client / Execute > hide folder
2025/12/15 15:18:18 2025-12-15 15:18:18.92745134 +0100 CET m=+11.026373128 / Client / Execute > list folder
2025/12/15 15:18:26 2025-12-15 15:18:26.375161084 +0100 CET m=+18.474082888 / Client / Execute > reveal folder
2025/12/15 15:18:36 2025-12-15 15:18:36.375231692 +0100 CET m=+28.474153445 / Client / Execute > list folder
2025/12/15 15:18:39 2025-12-15 15:18:39.127254718 +0100 CET m=+31.226176483 / Client / Execute > get folder
2025/12/15 15:19:06 2025-12-15 15:19:06.88704396 +0100 CET m=+58.985965741 / Client / Execute > terminate
2025/12/15 15:19:20 2025-12-15 15:19:20.275910821 +0100 CET m=+0.001014902 / Client / Conncted to the server : 127.0.0.1:35668
2025/12/15 15:19:23 2025-12-15 15:19:23.758900424 +0100 CET m=+3.484004569 / Client / Execute > list
2025/12/15 15:19:46 2025-12-15 15:19:46.023000283 +0100 CET m=+25.748104435 / Client / Execute > c
2025/12/15 15:21:52 2025-12-15 15:21:52.27752732 +0100 CET m=+0.000846958 / Client / Conncted to the server : 127.0.0.1:42744
2025/12/15 15:21:54 2025-12-15 15:21:54.957680258 +0100 CET m=+2.680999935 / Client / Execute > list
2025/12/15 15:21:57 2025-12-15 15:21:57.814203941 +0100 CET m=+5.537523623 / Client / Execute > hide folder
2025/12/15 15:23:00 2025-12-15 15:23:00.300780485 +0100 CET m=+0.001821207 / Client / Conncted to the server : 127.0.0.1:38558
2025/12/15 15:23:01 2025-12-15 15:23:01.758049372 +0100 CET m=+1.459090149 / Client / Execute > list
2025/12/15 15:23:38 2025-12-15 15:23:38.516286962 +0100 CET m=+38.217327735 / Client / Execute > list folder
2025/12/15 15:23:47 2025-12-15 15:23:47.205746856 +0100 CET m=+46.906787633 / Client / Execute > hide hello.txt
2025/12/15 15:23:50 2025-12-15 15:23:50.886018027 +0100 CET m=+50.587058813 / Client / Execute > list
2025/12/15 15:23:54 2025-12-15 15:23:54.80572725 +0100 CET m=+54.506768024 / Client / Execute > reveal hello.txt
