2025/12/15 13:59:12 2025-12-15 13:59:12.820736243 +0100 CET m=+0.001372440 / Client / Conncted to the server : 127.0.0.1:42360
2025/12/15 13:59:16 2025-12-15 13:59:16.905670018 +0100 CET m=+4.086306273 / Client / Execute > list
2025/12/15 13:59:20 2025-12-15 13:59:20.42552715 +0100 CET m=+7.606163409 / Client / Execute > get box.png
2025/12/15 13:59:20 2025-12-15 13:59:20.434702992 +0100 CET m=+7.615339251 / Client / File at '/var/home/E245055P/reseau/Perso/Annee_2/Semestre_1/Ressources/R305_Programmation_systeme/SAE/ric-del-pro/internal/app/client/filesStored/box.png' has been saved
2025/12/15 13:59:31 2025-12-15 13:59:31.657403691 +0100 CET m=+18.838039939 / Client / Execute > get hello.txt
2025/12/15 13:59:31 2025-12-15 13:59:31.665432201 +0100 CET m=+18.846068488 / Client / File at '/var/home/E245055P/reseau/Perso/Annee_2/Semestre_1/Ressources/R305_Programmation_systeme/SAE/ric-del-pro/internal/app/client/filesStored/hello.txt' has been saved
2025/12/15 14:01:20 2025-12-15 14:01:20.033055915 +0100 CET m=+127.213692165 / Client / Execute > end
2025/12/15 14:01:35 2025-12-15 14:01:35.203831187 +0100 CET m=+0.001046572 / Client / Conncted to the server : 127.0.0.1:40770
2025/12/15 14:01:38 2025-12-15 14:01:38.601060692 +0100 CET m=+3.398276129 / Client / Execute > list
2025/12/15 14:01:43 2025-12-15 14:01:43.384995034 +0100 CET m=+8.182210469 / Client / Execute > hide hello.txt
2025/12/15 14:01:47 2025-12-15 14:01:47.840690338 +0100 CET m=+12.637905763 / Client / Execute > end
2025/12/15 14:16:21 2025-12-15 14:16:21.155746648 +0100 CET m=+0.001062280 / Client / Conncted to the server : 127.0.0.1:47322
2025/12/15 14:16:24 2025-12-15 14:16:24.092541208 +0100 CET m=+2.937856891 / Client / Execute > list
2025/12/15 14:16:27 2025-12-15 14:16:27.428408829 +0100 CET m=+6.273725066 / Client / Execute > reveal
2025/12/15 14:16:29 2025-12-15 14:16:29.644385003 +0100 CET m=+8.489700676 / Client / Execute > help
2025/12/15 14:16:35 2025-12-15 14:16:35.540040719 +0100 CET m=+14.385356389 / Client / Execute > get hello.txt
2025/12/15 14:19:18 2025-12-15 14:19:18.203483247 +0100 CET m=+177.048798921 / Client / Execute > reveal hide.txt
2025/12/15 14:19:24 2025-12-15 14:19:24.523488469 +0100 CET m=+183.368804140 / Client / Execute > reveal hello.txt
2025/12/15 14:20:10 2025-12-15 14:20:10.475524732 +0100 CET m=+229.320840412 / Client / Execute > c
2025/12/15 14:20:10 WARN Déconnexion du serveur
2025/12/15 14:21:03 2025-12-15 14:21:03.046693152 +0100 CET m=+0.000893934 / Client / Conncted to the server : 127.0.0.1:42720
2025/12/15 14:21:06 2025-12-15 14:21:06.256649078 +0100 CET m=+3.210849863 / Client / Execute > list
2025/12/15 14:21:13 2025-12-15 14:21:13.970852755 +0100 CET m=+10.925053593 / Client / Execute > list
2025/12/15 14:21:16 2025-12-15 14:21:16.922651914 +0100 CET m=+13.876852743 / Client / Execute > get hello.txt
2025/12/15 14:21:36 2025-12-15 14:21:36.442928595 +0100 CET m=+33.397129428 / Client / Execute > list
2025/12/15 14:23:46 2025-12-15 14:23:46.602287017 +0100 CET m=+163.556487847 / Client / Execute > c
2025/12/15 14:23:46 WARN Déconnexion du serveur
2025/12/15 14:23:48 2025-12-15 14:23:48.064159627 +0100 CET m=+0.000971485 / Client / Conncted to the server : 127.0.0.1:58230
2025/12/15 14:23:49 2025-12-15 14:23:49.042519281 +0100 CET m=+0.979331182 / Client / Execute > list
2025/12/15 14:24:08 2025-12-15 14:24:08.570067892 +0100 CET m=+20.506879783 / Client / Execute > list
2025/12/15 14:37:36 2025-12-15 14:37:36.448985118 +0100 CET m=+0.001217018 / Client / Conncted to the server : 127.0.0.1:46386
2025/12/15 14:37:50 2025-12-15 14:37:50.621204962 +0100 CET m=+14.173436932 / Client / Execute > list
2025/12/15 14:38:07 2025-12-15 14:38:07.097474369 +0100 CET m=+30.649706269 / Client / Execute > help
2025/12/15 14:38:28 2025-12-15 14:38:28.900405673 +0100 CET m=+52.452637636 / Client / Execute > list
2025/12/15 14:39:05 2025-12-15 14:39:05.628732046 +0100 CET m=+89.180964016 / Client / Execute > list
2025/12/15 14:39:22 2025-12-15 14:39:22.500471075 +0100 CET m=+106.052703035 / Client / Execute > end
2025/12/15 14:39:24 2025-12-15 14:39:24.605266444 +0100 CET m=+0.001265185 / Client / Conncted to the server : 127.0.0.1:55074
2025/12/15 14:39:34 2025-12-15 14:39:34.988107659 +0100 CET m=+10.384106443 / Client / Execute > list
2025/12/15 14:39:43 2025-12-15 14:39:43.163657344 +0100 CET m=+18.559656146 / Client / Execute > help
2025/12/15 14:39:51 2025-12-15 14:39:51.084233062 +0100 CET m=+26.480231854 / Client / Execute > get hello.txt
2025/12/15 14:39:51 2025-12-15 14:39:51.0928895 +0100 CET m=+26.488888333 / Client / File at '/var/home/E245055P/reseau/Perso/Annee_2/Semestre_1/Ressources/R305_Programmation_systeme/SAE/ric-del-pro/internal/app/client/filesStored/hello.txt' has been saved
2025/12/15 14:39:57 2025-12-15 14:39:57.148119317 +0100 CET m=+32.544118111 / Client / Execute > list
2025/12/15 14:40:09 2025-12-15 14:40:09.195633083 +0100 CET m=+44.591631875 / Client / Execute > get folder
2025/12/15 14:40:19 2025-12-15 14:40:19.868017677 +0100 CET m=+55.264016475 / Client / Execute > list
2025/12/15 14:40:24 2025-12-15 14:40:24.787907364 +0100 CET m=+60.183906156 / Client / Execute > get folder
2025/12/15 14:40:47 2025-12-15 14:40:47.675840023 +0100 CET m=+83.071838813 / Client / Execute > f
2025/12/15 15:18:44 2025-12-15 15:18:44.295507736 +0100 CET m=+0.001149535 / Client / Conncted to the server : 127.0.0.1:53226
2025/12/15 15:18:47 2025-12-15 15:18:47.087199352 +0100 CET m=+2.792841212 / Client / Execute > get folder
2025/12/15 15:18:53 2025-12-15 15:18:53.175256702 +0100 CET m=+8.880898561 / Client / Execute > get hello.txt
2025/12/15 15:18:53 2025-12-15 15:18:53.186342082 +0100 CET m=+8.891983987 / Client / File at '/var/home/E245055P/reseau/Perso/Annee_2/Semestre_1/Ressources/R305_Programmation_systeme/SAE/ric-del-pro/internal/app/client/filesStored/hello.txt' has been saved
2025/12/15 15:19:00 2025-12-15 15:19:00.486999917 +0100 CET m=+16.192641783 / Client / Execute > terminate
2025/12/15 15:19:03 2025-12-15 15:19:03.743046427 +0100 CET m=+19.448688282 / Client / Execute > help
2025/12/15 15:19:13 2025-12-15 15:19:13.206909464 +0100 CET m=+28.912551333 / Client / Execute > c
2025/12/15 15:19:38 2025-12-15 15:19:38.903466659 +0100 CET m=+0.001189901 / Client / Conncted to the server : 127.0.0.1:59728
2025/12/15 15:19:40 2025-12-15 15:19:40.64671607 +0100 CET m=+1.744439361 / Client / Execute > help
2025/12/15 15:19:43 2025-12-15 15:19:43.190765054 +0100 CET m=+4.288488346 / Client / Execute > end
2025/12/15 15:19:52 2025-12-15 15:19:52.133097847 +0100 CET m=+0.000951369 / Client / Conncted to the server : 127.0.0.1:43062
2025/12/15 15:20:00 2025-12-15 15:20:00.038633117 +0100 CET m=+7.906486686 / Client / Execute > list hello.txt
2025/12/15 15:20:02 2025-12-15 15:20:02.926628832 +0100 CET m=+10.794482403 / Client / Execute > list
2025/12/15 15:20:10 2025-12-15 15:20:10.831623089 +0100 CET m=+18.699476662 / Client / Execute > list folder
2025/12/15 15:20:13 2025-12-15 15:20:13.590792742 +0100 CET m=+21.458646354 / Client / Execute > list ../
